{"C:\\Users\\GorillaSetups\\Desktop\\EdiPANEL\\EdiPANEL\\src\\components\\Footers\\AdminFooter.js": {"path":"C:\\Users\\GorillaSetups\\Desktop\\EdiPANEL\\EdiPANEL\\src\\components\\Footers\\AdminFooter.js","statementMap":{"0":{"start":{"line":4,"column":15},"end":{"line":24,"column":1}},"1":{"start":{"line":5,"column":2},"end":{"line":23,"column":4}}},"fnMap":{"0":{"name":"(anonymous_0)","decl":{"start":{"line":4,"column":15},"end":{"line":4,"column":16}},"loc":{"start":{"line":4,"column":21},"end":{"line":24,"column":1}},"line":4}},"branchMap":{},"s":{"0":1,"1":1},"f":{"0":1},"b":{},"_coverageSchema":"1a1c01bbd47fc00a2c39e90264f33305004495a9","hash":"01a8b04cdbee0dd8c3ee987f49005896a55ed89a"}
,"C:\\Users\\GorillaSetups\\Desktop\\EdiPANEL\\EdiPANEL\\src\\components\\Navbars\\AdminNavbar.js": {"path":"C:\\Users\\GorillaSetups\\Desktop\\EdiPANEL\\EdiPANEL\\src\\components\\Navbars\\AdminNavbar.js","statementMap":{"0":{"start":{"line":18,"column":20},"end":{"line":99,"column":1}},"1":{"start":{"line":19,"column":22},"end":{"line":19,"column":46}},"2":{"start":{"line":21,"column":19},"end":{"line":21,"column":32}},"3":{"start":{"line":23,"column":23},"end":{"line":31,"column":3}},"4":{"start":{"line":24,"column":4},"end":{"line":24,"column":23}},"5":{"start":{"line":27,"column":4},"end":{"line":27,"column":37}},"6":{"start":{"line":30,"column":4},"end":{"line":30,"column":22}},"7":{"start":{"line":34,"column":2},"end":{"line":98,"column":4}},"8":{"start":{"line":71,"column":44},"end":{"line":71,"column":57}},"9":{"start":{"line":72,"column":20},"end":{"line":76,"column":21}},"10":{"start":{"line":73,"column":24},"end":{"line":73,"column":50}},"11":{"start":{"line":75,"column":24},"end":{"line":75,"column":50}}},"fnMap":{"0":{"name":"(anonymous_0)","decl":{"start":{"line":18,"column":20},"end":{"line":18,"column":21}},"loc":{"start":{"line":18,"column":31},"end":{"line":99,"column":1}},"line":18},"1":{"name":"(anonymous_1)","decl":{"start":{"line":23,"column":23},"end":{"line":23,"column":24}},"loc":{"start":{"line":23,"column":30},"end":{"line":31,"column":3}},"line":23},"2":{"name":"(anonymous_2)","decl":{"start":{"line":70,"column":53},"end":{"line":70,"column":54}},"loc":{"start":{"line":70,"column":59},"end":{"line":77,"column":17}},"line":70}},"branchMap":{"0":{"loc":{"start":{"line":72,"column":20},"end":{"line":76,"column":21}},"type":"if","locations":[{"start":{"line":72,"column":20},"end":{"line":76,"column":21}},{"start":{"line":74,"column":27},"end":{"line":76,"column":21}}],"line":72}},"s":{"0":1,"1":4,"2":4,"3":4,"4":1,"5":1,"6":1,"7":4,"8":1,"9":1,"10":1,"11":0},"f":{"0":4,"1":1,"2":1},"b":{"0":[1,0]},"_coverageSchema":"1a1c01bbd47fc00a2c39e90264f33305004495a9","hash":"85c56671751f0337d802d65e760df434eb4e378a"}
,"C:\\Users\\GorillaSetups\\Desktop\\EdiPANEL\\EdiPANEL\\src\\views\\examples\\Form_delivery.js": {"path":"C:\\Users\\GorillaSetups\\Desktop\\EdiPANEL\\EdiPANEL\\src\\views\\examples\\Form_delivery.js","statementMap":{"0":{"start":{"line":24,"column":24},"end":{"line":383,"column":3}},"1":{"start":{"line":25,"column":48},"end":{"line":25,"column":63}},"2":{"start":{"line":26,"column":38},"end":{"line":26,"column":53}},"3":{"start":{"line":27,"column":38},"end":{"line":30,"column":6}},"4":{"start":{"line":31,"column":38},"end":{"line":31,"column":50}},"5":{"start":{"line":32,"column":38},"end":{"line":32,"column":53}},"6":{"start":{"line":33,"column":38},"end":{"line":33,"column":53}},"7":{"start":{"line":34,"column":46},"end":{"line":34,"column":58}},"8":{"start":{"line":35,"column":52},"end":{"line":35,"column":64}},"9":{"start":{"line":36,"column":44},"end":{"line":36,"column":56}},"10":{"start":{"line":37,"column":40},"end":{"line":37,"column":52}},"11":{"start":{"line":38,"column":40},"end":{"line":38,"column":52}},"12":{"start":{"line":40,"column":38},"end":{"line":40,"column":52}},"13":{"start":{"line":41,"column":33},"end":{"line":58,"column":5}},"14":{"start":{"line":42,"column":8},"end":{"line":42,"column":33}},"15":{"start":{"line":43,"column":8},"end":{"line":43,"column":29}},"16":{"start":{"line":44,"column":8},"end":{"line":44,"column":27}},"17":{"start":{"line":47,"column":8},"end":{"line":49,"column":9}},"18":{"start":{"line":48,"column":12},"end":{"line":48,"column":36}},"19":{"start":{"line":52,"column":29},"end":{"line":54,"column":16}},"20":{"start":{"line":53,"column":12},"end":{"line":53,"column":32}},"21":{"start":{"line":57,"column":8},"end":{"line":57,"column":35}},"22":{"start":{"line":61,"column":4},"end":{"line":77,"column":11}},"23":{"start":{"line":62,"column":8},"end":{"line":76,"column":15}},"24":{"start":{"line":64,"column":12},"end":{"line":66,"column":13}},"25":{"start":{"line":65,"column":16},"end":{"line":65,"column":63}},"26":{"start":{"line":67,"column":12},"end":{"line":67,"column":35}},"27":{"start":{"line":71,"column":12},"end":{"line":71,"column":32}},"28":{"start":{"line":72,"column":12},"end":{"line":72,"column":30}},"29":{"start":{"line":75,"column":12},"end":{"line":75,"column":56}},"30":{"start":{"line":79,"column":25},"end":{"line":87,"column":5}},"31":{"start":{"line":83,"column":8},"end":{"line":86,"column":11}},"32":{"start":{"line":89,"column":25},"end":{"line":140,"column":5}},"33":{"start":{"line":90,"column":8},"end":{"line":90,"column":27}},"34":{"start":{"line":91,"column":8},"end":{"line":94,"column":9}},"35":{"start":{"line":92,"column":12},"end":{"line":92,"column":63}},"36":{"start":{"line":93,"column":12},"end":{"line":93,"column":19}},"37":{"start":{"line":95,"column":23},"end":{"line":100,"column":9}},"38":{"start":{"line":97,"column":12},"end":{"line":98,"column":61}},"39":{"start":{"line":101,"column":8},"end":{"line":104,"column":9}},"40":{"start":{"line":102,"column":12},"end":{"line":102,"column":64}},"41":{"start":{"line":103,"column":12},"end":{"line":103,"column":19}},"42":{"start":{"line":106,"column":8},"end":{"line":136,"column":9}},"43":{"start":{"line":107,"column":29},"end":{"line":112,"column":14}},"44":{"start":{"line":114,"column":12},"end":{"line":116,"column":13}},"45":{"start":{"line":115,"column":16},"end":{"line":115,"column":63}},"46":{"start":{"line":118,"column":25},"end":{"line":118,"column":46}},"47":{"start":{"line":119,"column":12},"end":{"line":122,"column":13}},"48":{"start":{"line":120,"column":16},"end":{"line":120,"column":67}},"49":{"start":{"line":121,"column":16},"end":{"line":121,"column":23}},"50":{"start":{"line":123,"column":12},"end":{"line":123,"column":30}},"51":{"start":{"line":124,"column":12},"end":{"line":124,"column":44}},"52":{"start":{"line":125,"column":12},"end":{"line":125,"column":50}},"53":{"start":{"line":126,"column":12},"end":{"line":126,"column":31}},"54":{"start":{"line":128,"column":12},"end":{"line":128,"column":39}},"55":{"start":{"line":129,"column":12},"end":{"line":129,"column":42}},"56":{"start":{"line":133,"column":12},"end":{"line":133,"column":30}},"57":{"start":{"line":135,"column":12},"end":{"line":135,"column":56}},"58":{"start":{"line":139,"column":8},"end":{"line":139,"column":32}},"59":{"start":{"line":142,"column":28},"end":{"line":164,"column":5}},"60":{"start":{"line":143,"column":8},"end":{"line":163,"column":9}},"61":{"start":{"line":144,"column":30},"end":{"line":146,"column":13}},"62":{"start":{"line":148,"column":29},"end":{"line":154,"column":14}},"63":{"start":{"line":156,"column":12},"end":{"line":160,"column":13}},"64":{"start":{"line":157,"column":16},"end":{"line":157,"column":66}},"65":{"start":{"line":159,"column":16},"end":{"line":159,"column":69}},"66":{"start":{"line":162,"column":12},"end":{"line":162,"column":72}},"67":{"start":{"line":167,"column":26},"end":{"line":217,"column":5}},"68":{"start":{"line":168,"column":8},"end":{"line":168,"column":27}},"69":{"start":{"line":170,"column":20},"end":{"line":170,"column":79}},"70":{"start":{"line":171,"column":24},"end":{"line":174,"column":9}},"71":{"start":{"line":175,"column":21},"end":{"line":183,"column":9}},"72":{"start":{"line":185,"column":8},"end":{"line":210,"column":9}},"73":{"start":{"line":186,"column":12},"end":{"line":186,"column":63}},"74":{"start":{"line":187,"column":12},"end":{"line":187,"column":19}},"75":{"start":{"line":188,"column":15},"end":{"line":210,"column":9}},"76":{"start":{"line":189,"column":12},"end":{"line":189,"column":30}},"77":{"start":{"line":190,"column":12},"end":{"line":190,"column":85}},"78":{"start":{"line":191,"column":15},"end":{"line":210,"column":9}},"79":{"start":{"line":192,"column":12},"end":{"line":192,"column":88}},"80":{"start":{"line":194,"column":12},"end":{"line":199,"column":13}},"81":{"start":{"line":195,"column":33},"end":{"line":195,"column":73}},"82":{"start":{"line":196,"column":16},"end":{"line":196,"column":43}},"83":{"start":{"line":198,"column":16},"end":{"line":198,"column":37}},"84":{"start":{"line":201,"column":15},"end":{"line":210,"column":9}},"85":{"start":{"line":202,"column":12},"end":{"line":202,"column":126}},"86":{"start":{"line":204,"column":12},"end":{"line":209,"column":13}},"87":{"start":{"line":205,"column":33},"end":{"line":205,"column":73}},"88":{"start":{"line":206,"column":16},"end":{"line":206,"column":43}},"89":{"start":{"line":208,"column":16},"end":{"line":208,"column":37}},"90":{"start":{"line":211,"column":8},"end":{"line":211,"column":29}},"91":{"start":{"line":212,"column":8},"end":{"line":212,"column":32}},"92":{"start":{"line":214,"column":8},"end":{"line":214,"column":33}},"93":{"start":{"line":215,"column":8},"end":{"line":215,"column":27}},"94":{"start":{"line":220,"column":31},"end":{"line":227,"column":5}},"95":{"start":{"line":221,"column":34},"end":{"line":221,"column":63}},"96":{"start":{"line":222,"column":8},"end":{"line":222,"column":32}},"97":{"start":{"line":223,"column":8},"end":{"line":223,"column":38}},"98":{"start":{"line":225,"column":8},"end":{"line":225,"column":27}},"99":{"start":{"line":226,"column":8},"end":{"line":226,"column":30}},"100":{"start":{"line":231,"column":18},"end":{"line":231,"column":42}},"101":{"start":{"line":233,"column":4},"end":{"line":380,"column":6}},"102":{"start":{"line":306,"column":48},"end":{"line":308,"column":57}},"103":{"start":{"line":321,"column":63},"end":{"line":321,"column":93}},"104":{"start":{"line":335,"column":63},"end":{"line":335,"column":93}},"105":{"start":{"line":356,"column":44},"end":{"line":356,"column":63}},"106":{"start":{"line":358,"column":44},"end":{"line":358,"column":61}},"107":{"start":{"line":359,"column":44},"end":{"line":359,"column":69}}},"fnMap":{"0":{"name":"(anonymous_0)","decl":{"start":{"line":24,"column":24},"end":{"line":24,"column":25}},"loc":{"start":{"line":24,"column":30},"end":{"line":383,"column":3}},"line":24},"1":{"name":"(anonymous_1)","decl":{"start":{"line":41,"column":33},"end":{"line":41,"column":34}},"loc":{"start":{"line":41,"column":53},"end":{"line":58,"column":5}},"line":41},"2":{"name":"(anonymous_2)","decl":{"start":{"line":52,"column":40},"end":{"line":52,"column":41}},"loc":{"start":{"line":52,"column":46},"end":{"line":54,"column":9}},"line":52},"3":{"name":"(anonymous_3)","decl":{"start":{"line":61,"column":14},"end":{"line":61,"column":15}},"loc":{"start":{"line":61,"column":20},"end":{"line":77,"column":5}},"line":61},"4":{"name":"(anonymous_4)","decl":{"start":{"line":63,"column":18},"end":{"line":63,"column":19}},"loc":{"start":{"line":63,"column":30},"end":{"line":68,"column":13}},"line":63},"5":{"name":"(anonymous_5)","decl":{"start":{"line":69,"column":18},"end":{"line":69,"column":19}},"loc":{"start":{"line":69,"column":26},"end":{"line":73,"column":13}},"line":69},"6":{"name":"(anonymous_6)","decl":{"start":{"line":74,"column":19},"end":{"line":74,"column":20}},"loc":{"start":{"line":74,"column":28},"end":{"line":76,"column":13}},"line":74},"7":{"name":"(anonymous_7)","decl":{"start":{"line":79,"column":25},"end":{"line":79,"column":26}},"loc":{"start":{"line":79,"column":32},"end":{"line":87,"column":5}},"line":79},"8":{"name":"(anonymous_8)","decl":{"start":{"line":89,"column":25},"end":{"line":89,"column":26}},"loc":{"start":{"line":89,"column":38},"end":{"line":140,"column":5}},"line":89},"9":{"name":"(anonymous_9)","decl":{"start":{"line":95,"column":39},"end":{"line":95,"column":40}},"loc":{"start":{"line":97,"column":12},"end":{"line":98,"column":61}},"line":97},"10":{"name":"(anonymous_10)","decl":{"start":{"line":142,"column":28},"end":{"line":142,"column":29}},"loc":{"start":{"line":142,"column":40},"end":{"line":164,"column":5}},"line":142},"11":{"name":"(anonymous_11)","decl":{"start":{"line":167,"column":26},"end":{"line":167,"column":27}},"loc":{"start":{"line":167,"column":39},"end":{"line":217,"column":5}},"line":167},"12":{"name":"(anonymous_12)","decl":{"start":{"line":220,"column":31},"end":{"line":220,"column":32}},"loc":{"start":{"line":220,"column":42},"end":{"line":227,"column":5}},"line":220},"13":{"name":"(anonymous_13)","decl":{"start":{"line":305,"column":59},"end":{"line":305,"column":60}},"loc":{"start":{"line":306,"column":48},"end":{"line":308,"column":57}},"line":306},"14":{"name":"(anonymous_14)","decl":{"start":{"line":321,"column":58},"end":{"line":321,"column":59}},"loc":{"start":{"line":321,"column":63},"end":{"line":321,"column":93}},"line":321},"15":{"name":"(anonymous_15)","decl":{"start":{"line":335,"column":58},"end":{"line":335,"column":59}},"loc":{"start":{"line":335,"column":63},"end":{"line":335,"column":93}},"line":335},"16":{"name":"(anonymous_16)","decl":{"start":{"line":355,"column":49},"end":{"line":355,"column":50}},"loc":{"start":{"line":355,"column":54},"end":{"line":360,"column":41}},"line":355}},"branchMap":{"0":{"loc":{"start":{"line":47,"column":8},"end":{"line":49,"column":9}},"type":"if","locations":[{"start":{"line":47,"column":8},"end":{"line":49,"column":9}},{"start":{},"end":{}}],"line":47},"1":{"loc":{"start":{"line":64,"column":12},"end":{"line":66,"column":13}},"type":"if","locations":[{"start":{"line":64,"column":12},"end":{"line":66,"column":13}},{"start":{},"end":{}}],"line":64},"2":{"loc":{"start":{"line":91,"column":8},"end":{"line":94,"column":9}},"type":"if","locations":[{"start":{"line":91,"column":8},"end":{"line":94,"column":9}},{"start":{},"end":{}}],"line":91},"3":{"loc":{"start":{"line":91,"column":12},"end":{"line":91,"column":49}},"type":"binary-expr","locations":[{"start":{"line":91,"column":12},"end":{"line":91,"column":31}},{"start":{"line":91,"column":35},"end":{"line":91,"column":49}}],"line":91},"4":{"loc":{"start":{"line":97,"column":12},"end":{"line":98,"column":61}},"type":"binary-expr","locations":[{"start":{"line":97,"column":12},"end":{"line":97,"column":43}},{"start":{"line":98,"column":12},"end":{"line":98,"column":61}}],"line":97},"5":{"loc":{"start":{"line":101,"column":8},"end":{"line":104,"column":9}},"type":"if","locations":[{"start":{"line":101,"column":8},"end":{"line":104,"column":9}},{"start":{},"end":{}}],"line":101},"6":{"loc":{"start":{"line":114,"column":12},"end":{"line":116,"column":13}},"type":"if","locations":[{"start":{"line":114,"column":12},"end":{"line":116,"column":13}},{"start":{},"end":{}}],"line":114},"7":{"loc":{"start":{"line":119,"column":12},"end":{"line":122,"column":13}},"type":"if","locations":[{"start":{"line":119,"column":12},"end":{"line":122,"column":13}},{"start":{},"end":{}}],"line":119},"8":{"loc":{"start":{"line":119,"column":16},"end":{"line":119,"column":57}},"type":"binary-expr","locations":[{"start":{"line":119,"column":16},"end":{"line":119,"column":36}},{"start":{"line":119,"column":40},"end":{"line":119,"column":57}}],"line":119},"9":{"loc":{"start":{"line":156,"column":12},"end":{"line":160,"column":13}},"type":"if","locations":[{"start":{"line":156,"column":12},"end":{"line":160,"column":13}},{"start":{"line":158,"column":19},"end":{"line":160,"column":13}}],"line":156},"10":{"loc":{"start":{"line":185,"column":8},"end":{"line":210,"column":9}},"type":"if","locations":[{"start":{"line":185,"column":8},"end":{"line":210,"column":9}},{"start":{"line":188,"column":15},"end":{"line":210,"column":9}}],"line":185},"11":{"loc":{"start":{"line":185,"column":12},"end":{"line":185,"column":36}},"type":"binary-expr","locations":[{"start":{"line":185,"column":12},"end":{"line":185,"column":22}},{"start":{"line":185,"column":26},"end":{"line":185,"column":36}}],"line":185},"12":{"loc":{"start":{"line":188,"column":15},"end":{"line":210,"column":9}},"type":"if","locations":[{"start":{"line":188,"column":15},"end":{"line":210,"column":9}},{"start":{"line":191,"column":15},"end":{"line":210,"column":9}}],"line":188},"13":{"loc":{"start":{"line":188,"column":19},"end":{"line":188,"column":42}},"type":"binary-expr","locations":[{"start":{"line":188,"column":19},"end":{"line":188,"column":28}},{"start":{"line":188,"column":32},"end":{"line":188,"column":42}}],"line":188},"14":{"loc":{"start":{"line":191,"column":15},"end":{"line":210,"column":9}},"type":"if","locations":[{"start":{"line":191,"column":15},"end":{"line":210,"column":9}},{"start":{"line":201,"column":15},"end":{"line":210,"column":9}}],"line":191},"15":{"loc":{"start":{"line":191,"column":19},"end":{"line":191,"column":42}},"type":"binary-expr","locations":[{"start":{"line":191,"column":19},"end":{"line":191,"column":28}},{"start":{"line":191,"column":32},"end":{"line":191,"column":42}}],"line":191},"16":{"loc":{"start":{"line":201,"column":15},"end":{"line":210,"column":9}},"type":"if","locations":[{"start":{"line":201,"column":15},"end":{"line":210,"column":9}},{"start":{},"end":{}}],"line":201},"17":{"loc":{"start":{"line":201,"column":19},"end":{"line":201,"column":41}},"type":"binary-expr","locations":[{"start":{"line":201,"column":19},"end":{"line":201,"column":28}},{"start":{"line":201,"column":32},"end":{"line":201,"column":41}}],"line":201},"18":{"loc":{"start":{"line":247,"column":29},"end":{"line":292,"column":29}},"type":"binary-expr","locations":[{"start":{"line":247,"column":29},"end":{"line":247,"column":44}},{"start":{"line":248,"column":28},"end":{"line":291,"column":34}}],"line":247},"19":{"loc":{"start":{"line":295,"column":29},"end":{"line":366,"column":29}},"type":"binary-expr","locations":[{"start":{"line":295,"column":29},"end":{"line":295,"column":43}},{"start":{"line":296,"column":28},"end":{"line":365,"column":34}}],"line":295},"20":{"loc":{"start":{"line":367,"column":29},"end":{"line":371,"column":33}},"type":"binary-expr","locations":[{"start":{"line":367,"column":29},"end":{"line":367,"column":38}},{"start":{"line":368,"column":36},"end":{"line":370,"column":44}}],"line":367}},"s":{"0":0,"1":0,"2":0,"3":0,"4":0,"5":0,"6":0,"7":0,"8":0,"9":0,"10":0,"11":0,"12":0,"13":0,"14":0,"15":0,"16":0,"17":0,"18":0,"19":0,"20":0,"21":0,"22":0,"23":0,"24":0,"25":0,"26":0,"27":0,"28":0,"29":0,"30":0,"31":0,"32":0,"33":0,"34":0,"35":0,"36":0,"37":0,"38":0,"39":0,"40":0,"41":0,"42":0,"43":0,"44":0,"45":0,"46":0,"47":0,"48":0,"49":0,"50":0,"51":0,"52":0,"53":0,"54":0,"55":0,"56":0,"57":0,"58":0,"59":0,"60":0,"61":0,"62":0,"63":0,"64":0,"65":0,"66":0,"67":0,"68":0,"69":0,"70":0,"71":0,"72":0,"73":0,"74":0,"75":0,"76":0,"77":0,"78":0,"79":0,"80":0,"81":0,"82":0,"83":0,"84":0,"85":0,"86":0,"87":0,"88":0,"89":0,"90":0,"91":0,"92":0,"93":0,"94":0,"95":0,"96":0,"97":0,"98":0,"99":0,"100":0,"101":0,"102":0,"103":0,"104":0,"105":0,"106":0,"107":0},"f":{"0":0,"1":0,"2":0,"3":0,"4":0,"5":0,"6":0,"7":0,"8":0,"9":0,"10":0,"11":0,"12":0,"13":0,"14":0,"15":0,"16":0},"b":{"0":[0,0],"1":[0,0],"2":[0,0],"3":[0,0],"4":[0,0],"5":[0,0],"6":[0,0],"7":[0,0],"8":[0,0],"9":[0,0],"10":[0,0],"11":[0,0],"12":[0,0],"13":[0,0],"14":[0,0],"15":[0,0],"16":[0,0],"17":[0,0],"18":[0,0],"19":[0,0],"20":[0,0]}}
,"C:\\Users\\GorillaSetups\\Desktop\\EdiPANEL\\EdiPANEL\\src\\views\\examples\\Frecuent_visits.js": {"path":"C:\\Users\\GorillaSetups\\Desktop\\EdiPANEL\\EdiPANEL\\src\\views\\examples\\Frecuent_visits.js","statementMap":{"0":{"start":{"line":24,"column":23},"end":{"line":295,"column":1}},"1":{"start":{"line":25,"column":18},"end":{"line":25,"column":42}},"2":{"start":{"line":27,"column":48},"end":{"line":27,"column":60}},"3":{"start":{"line":28,"column":40},"end":{"line":28,"column":52}},"4":{"start":{"line":29,"column":46},"end":{"line":35,"column":6}},"5":{"start":{"line":36,"column":38},"end":{"line":36,"column":53}},"6":{"start":{"line":37,"column":44},"end":{"line":37,"column":56}},"7":{"start":{"line":38,"column":40},"end":{"line":38,"column":52}},"8":{"start":{"line":39,"column":38},"end":{"line":39,"column":52}},"9":{"start":{"line":43,"column":8},"end":{"line":45,"column":20}},"10":{"start":{"line":44,"column":12},"end":{"line":44,"column":70}},"11":{"start":{"line":48,"column":4},"end":{"line":65,"column":11}},"12":{"start":{"line":49,"column":8},"end":{"line":64,"column":15}},"13":{"start":{"line":51,"column":12},"end":{"line":53,"column":13}},"14":{"start":{"line":52,"column":16},"end":{"line":52,"column":63}},"15":{"start":{"line":54,"column":12},"end":{"line":54,"column":35}},"16":{"start":{"line":58,"column":12},"end":{"line":58,"column":36}},"17":{"start":{"line":59,"column":12},"end":{"line":59,"column":30}},"18":{"start":{"line":63,"column":12},"end":{"line":63,"column":56}},"19":{"start":{"line":66,"column":4},"end":{"line":82,"column":11}},"20":{"start":{"line":67,"column":8},"end":{"line":81,"column":15}},"21":{"start":{"line":69,"column":12},"end":{"line":71,"column":13}},"22":{"start":{"line":70,"column":16},"end":{"line":70,"column":63}},"23":{"start":{"line":72,"column":12},"end":{"line":72,"column":35}},"24":{"start":{"line":76,"column":12},"end":{"line":76,"column":32}},"25":{"start":{"line":77,"column":12},"end":{"line":77,"column":30}},"26":{"start":{"line":80,"column":12},"end":{"line":80,"column":56}},"27":{"start":{"line":84,"column":33},"end":{"line":101,"column":5}},"28":{"start":{"line":85,"column":8},"end":{"line":85,"column":33}},"29":{"start":{"line":86,"column":8},"end":{"line":86,"column":29}},"30":{"start":{"line":87,"column":8},"end":{"line":87,"column":27}},"31":{"start":{"line":90,"column":8},"end":{"line":92,"column":9}},"32":{"start":{"line":91,"column":12},"end":{"line":91,"column":36}},"33":{"start":{"line":95,"column":29},"end":{"line":97,"column":16}},"34":{"start":{"line":96,"column":12},"end":{"line":96,"column":32}},"35":{"start":{"line":100,"column":8},"end":{"line":100,"column":35}},"36":{"start":{"line":104,"column":25},"end":{"line":109,"column":5}},"37":{"start":{"line":105,"column":8},"end":{"line":108,"column":11}},"38":{"start":{"line":110,"column":25},"end":{"line":170,"column":5}},"39":{"start":{"line":111,"column":8},"end":{"line":111,"column":27}},"40":{"start":{"line":112,"column":8},"end":{"line":112,"column":58}},"41":{"start":{"line":114,"column":8},"end":{"line":117,"column":9}},"42":{"start":{"line":115,"column":12},"end":{"line":115,"column":63}},"43":{"start":{"line":116,"column":12},"end":{"line":116,"column":19}},"44":{"start":{"line":118,"column":8},"end":{"line":118,"column":35}},"45":{"start":{"line":119,"column":26},"end":{"line":119,"column":87}},"46":{"start":{"line":119,"column":55},"end":{"line":119,"column":86}},"47":{"start":{"line":120,"column":8},"end":{"line":123,"column":9}},"48":{"start":{"line":121,"column":12},"end":{"line":121,"column":64}},"49":{"start":{"line":122,"column":12},"end":{"line":122,"column":19}},"50":{"start":{"line":124,"column":23},"end":{"line":129,"column":9}},"51":{"start":{"line":126,"column":12},"end":{"line":127,"column":65}},"52":{"start":{"line":130,"column":8},"end":{"line":133,"column":9}},"53":{"start":{"line":131,"column":12},"end":{"line":131,"column":64}},"54":{"start":{"line":132,"column":12},"end":{"line":132,"column":19}},"55":{"start":{"line":135,"column":8},"end":{"line":169,"column":15}},"56":{"start":{"line":147,"column":12},"end":{"line":149,"column":13}},"57":{"start":{"line":148,"column":16},"end":{"line":148,"column":39}},"58":{"start":{"line":150,"column":12},"end":{"line":150,"column":60}},"59":{"start":{"line":153,"column":12},"end":{"line":153,"column":30}},"60":{"start":{"line":155,"column":12},"end":{"line":162,"column":15}},"61":{"start":{"line":163,"column":12},"end":{"line":163,"column":64}},"62":{"start":{"line":164,"column":12},"end":{"line":164,"column":57}},"63":{"start":{"line":167,"column":12},"end":{"line":167,"column":88}},"64":{"start":{"line":168,"column":12},"end":{"line":168,"column":63}},"65":{"start":{"line":172,"column":4},"end":{"line":292,"column":2}}},"fnMap":{"0":{"name":"(anonymous_0)","decl":{"start":{"line":24,"column":23},"end":{"line":24,"column":24}},"loc":{"start":{"line":24,"column":29},"end":{"line":295,"column":1}},"line":24},"1":{"name":"capitalizeWords","decl":{"start":{"line":42,"column":13},"end":{"line":42,"column":28}},"loc":{"start":{"line":42,"column":34},"end":{"line":46,"column":5}},"line":42},"2":{"name":"(anonymous_2)","decl":{"start":{"line":43,"column":34},"end":{"line":43,"column":35}},"loc":{"start":{"line":44,"column":12},"end":{"line":44,"column":70}},"line":44},"3":{"name":"(anonymous_3)","decl":{"start":{"line":48,"column":14},"end":{"line":48,"column":15}},"loc":{"start":{"line":48,"column":20},"end":{"line":65,"column":5}},"line":48},"4":{"name":"(anonymous_4)","decl":{"start":{"line":50,"column":18},"end":{"line":50,"column":19}},"loc":{"start":{"line":50,"column":30},"end":{"line":55,"column":13}},"line":50},"5":{"name":"(anonymous_5)","decl":{"start":{"line":56,"column":18},"end":{"line":56,"column":19}},"loc":{"start":{"line":56,"column":26},"end":{"line":61,"column":13}},"line":56},"6":{"name":"(anonymous_6)","decl":{"start":{"line":62,"column":19},"end":{"line":62,"column":20}},"loc":{"start":{"line":62,"column":28},"end":{"line":64,"column":13}},"line":62},"7":{"name":"(anonymous_7)","decl":{"start":{"line":66,"column":14},"end":{"line":66,"column":15}},"loc":{"start":{"line":66,"column":20},"end":{"line":82,"column":5}},"line":66},"8":{"name":"(anonymous_8)","decl":{"start":{"line":68,"column":18},"end":{"line":68,"column":19}},"loc":{"start":{"line":68,"column":30},"end":{"line":73,"column":13}},"line":68},"9":{"name":"(anonymous_9)","decl":{"start":{"line":74,"column":18},"end":{"line":74,"column":19}},"loc":{"start":{"line":74,"column":26},"end":{"line":78,"column":13}},"line":74},"10":{"name":"(anonymous_10)","decl":{"start":{"line":79,"column":19},"end":{"line":79,"column":20}},"loc":{"start":{"line":79,"column":28},"end":{"line":81,"column":13}},"line":79},"11":{"name":"(anonymous_11)","decl":{"start":{"line":84,"column":33},"end":{"line":84,"column":34}},"loc":{"start":{"line":84,"column":53},"end":{"line":101,"column":5}},"line":84},"12":{"name":"(anonymous_12)","decl":{"start":{"line":95,"column":40},"end":{"line":95,"column":41}},"loc":{"start":{"line":95,"column":46},"end":{"line":97,"column":9}},"line":95},"13":{"name":"(anonymous_13)","decl":{"start":{"line":104,"column":25},"end":{"line":104,"column":26}},"loc":{"start":{"line":104,"column":32},"end":{"line":109,"column":5}},"line":104},"14":{"name":"(anonymous_14)","decl":{"start":{"line":110,"column":25},"end":{"line":110,"column":26}},"loc":{"start":{"line":110,"column":32},"end":{"line":170,"column":5}},"line":110},"15":{"name":"(anonymous_15)","decl":{"start":{"line":119,"column":46},"end":{"line":119,"column":47}},"loc":{"start":{"line":119,"column":55},"end":{"line":119,"column":86}},"line":119},"16":{"name":"(anonymous_16)","decl":{"start":{"line":124,"column":39},"end":{"line":124,"column":40}},"loc":{"start":{"line":126,"column":12},"end":{"line":127,"column":65}},"line":126},"17":{"name":"(anonymous_17)","decl":{"start":{"line":146,"column":18},"end":{"line":146,"column":19}},"loc":{"start":{"line":146,"column":30},"end":{"line":151,"column":13}},"line":146},"18":{"name":"(anonymous_18)","decl":{"start":{"line":152,"column":18},"end":{"line":152,"column":19}},"loc":{"start":{"line":152,"column":26},"end":{"line":165,"column":13}},"line":152},"19":{"name":"(anonymous_19)","decl":{"start":{"line":166,"column":19},"end":{"line":166,"column":20}},"loc":{"start":{"line":166,"column":28},"end":{"line":169,"column":13}},"line":166}},"branchMap":{"0":{"loc":{"start":{"line":51,"column":12},"end":{"line":53,"column":13}},"type":"if","locations":[{"start":{"line":51,"column":12},"end":{"line":53,"column":13}},{"start":{},"end":{}}],"line":51},"1":{"loc":{"start":{"line":69,"column":12},"end":{"line":71,"column":13}},"type":"if","locations":[{"start":{"line":69,"column":12},"end":{"line":71,"column":13}},{"start":{},"end":{}}],"line":69},"2":{"loc":{"start":{"line":90,"column":8},"end":{"line":92,"column":9}},"type":"if","locations":[{"start":{"line":90,"column":8},"end":{"line":92,"column":9}},{"start":{},"end":{}}],"line":90},"3":{"loc":{"start":{"line":114,"column":8},"end":{"line":117,"column":9}},"type":"if","locations":[{"start":{"line":114,"column":8},"end":{"line":117,"column":9}},{"start":{},"end":{}}],"line":114},"4":{"loc":{"start":{"line":114,"column":12},"end":{"line":114,"column":163}},"type":"binary-expr","locations":[{"start":{"line":114,"column":12},"end":{"line":114,"column":37}},{"start":{"line":114,"column":41},"end":{"line":114,"column":65}},{"start":{"line":114,"column":69},"end":{"line":114,"column":98}},{"start":{"line":114,"column":102},"end":{"line":114,"column":132}},{"start":{"line":114,"column":136},"end":{"line":114,"column":163}}],"line":114},"5":{"loc":{"start":{"line":120,"column":8},"end":{"line":123,"column":9}},"type":"if","locations":[{"start":{"line":120,"column":8},"end":{"line":123,"column":9}},{"start":{},"end":{}}],"line":120},"6":{"loc":{"start":{"line":126,"column":12},"end":{"line":127,"column":65}},"type":"binary-expr","locations":[{"start":{"line":126,"column":12},"end":{"line":126,"column":53}},{"start":{"line":127,"column":12},"end":{"line":127,"column":65}}],"line":126},"7":{"loc":{"start":{"line":130,"column":8},"end":{"line":133,"column":9}},"type":"if","locations":[{"start":{"line":130,"column":8},"end":{"line":133,"column":9}},{"start":{},"end":{}}],"line":130},"8":{"loc":{"start":{"line":147,"column":12},"end":{"line":149,"column":13}},"type":"if","locations":[{"start":{"line":147,"column":12},"end":{"line":149,"column":13}},{"start":{},"end":{}}],"line":147},"9":{"loc":{"start":{"line":277,"column":29},"end":{"line":281,"column":29}},"type":"binary-expr","locations":[{"start":{"line":277,"column":29},"end":{"line":277,"column":38}},{"start":{"line":278,"column":32},"end":{"line":280,"column":40}}],"line":277}},"s":{"0":2,"1":20,"2":20,"3":20,"4":20,"5":20,"6":20,"7":20,"8":20,"9":23,"10":43,"11":20,"12":3,"13":2,"14":1,"15":1,"16":1,"17":1,"18":1,"19":20,"20":3,"21":2,"22":1,"23":1,"24":1,"25":1,"26":1,"27":20,"28":3,"29":3,"30":3,"31":3,"32":0,"33":3,"34":0,"35":3,"36":20,"37":14,"38":20,"39":3,"40":3,"41":3,"42":1,"43":1,"44":2,"45":2,"46":0,"47":2,"48":0,"49":0,"50":2,"51":0,"52":2,"53":2,"54":2,"55":0,"56":0,"57":0,"58":0,"59":0,"60":0,"61":0,"62":0,"63":0,"64":0,"65":20},"f":{"0":20,"1":23,"2":43,"3":3,"4":2,"5":1,"6":1,"7":3,"8":2,"9":1,"10":1,"11":3,"12":0,"13":14,"14":3,"15":0,"16":0,"17":0,"18":0,"19":0},"b":{"0":[1,1],"1":[1,1],"2":[0,3],"3":[1,2],"4":[3,3,3,3,2],"5":[0,2],"6":[0,0],"7":[2,0],"8":[0,0],"9":[20,3]},"_coverageSchema":"1a1c01bbd47fc00a2c39e90264f33305004495a9","hash":"3aba63950dd414b96b341929499e02da505435f2"}
}
