{"C:\\Users\\GorillaSetups\\Desktop\\copia\\EdiPANEL\\src\\babel.config.js": {"path":"C:\\Users\\GorillaSetups\\Desktop\\copia\\EdiPANEL\\src\\babel.config.js","statementMap":{"0":{"start":{"line":2,"column":0},"end":{"line":7,"column":4}}},"fnMap":{},"branchMap":{},"s":{"0":0},"f":{},"b":{}}
,"C:\\Users\\GorillaSetups\\Desktop\\copia\\EdiPANEL\\src\\views\\examples\\Form_delivery.js": {"path":"C:\\Users\\GorillaSetups\\Desktop\\copia\\EdiPANEL\\src\\views\\examples\\Form_delivery.js","statementMap":{"0":{"start":{"line":22,"column":24},"end":{"line":351,"column":3}},"1":{"start":{"line":23,"column":48},"end":{"line":23,"column":63}},"2":{"start":{"line":24,"column":38},"end":{"line":24,"column":53}},"3":{"start":{"line":25,"column":38},"end":{"line":28,"column":6}},"4":{"start":{"line":29,"column":38},"end":{"line":29,"column":50}},"5":{"start":{"line":30,"column":38},"end":{"line":30,"column":53}},"6":{"start":{"line":31,"column":38},"end":{"line":31,"column":53}},"7":{"start":{"line":32,"column":46},"end":{"line":32,"column":58}},"8":{"start":{"line":33,"column":52},"end":{"line":33,"column":64}},"9":{"start":{"line":34,"column":44},"end":{"line":34,"column":56}},"10":{"start":{"line":35,"column":40},"end":{"line":35,"column":52}},"11":{"start":{"line":37,"column":38},"end":{"line":37,"column":52}},"12":{"start":{"line":38,"column":33},"end":{"line":55,"column":5}},"13":{"start":{"line":39,"column":8},"end":{"line":39,"column":33}},"14":{"start":{"line":40,"column":8},"end":{"line":40,"column":29}},"15":{"start":{"line":41,"column":8},"end":{"line":41,"column":27}},"16":{"start":{"line":44,"column":8},"end":{"line":46,"column":9}},"17":{"start":{"line":45,"column":12},"end":{"line":45,"column":36}},"18":{"start":{"line":49,"column":29},"end":{"line":51,"column":16}},"19":{"start":{"line":50,"column":12},"end":{"line":50,"column":32}},"20":{"start":{"line":54,"column":8},"end":{"line":54,"column":35}},"21":{"start":{"line":57,"column":25},"end":{"line":65,"column":5}},"22":{"start":{"line":59,"column":32},"end":{"line":59,"column":40}},"23":{"start":{"line":61,"column":8},"end":{"line":64,"column":11}},"24":{"start":{"line":67,"column":25},"end":{"line":108,"column":5}},"25":{"start":{"line":68,"column":8},"end":{"line":68,"column":27}},"26":{"start":{"line":69,"column":8},"end":{"line":72,"column":9}},"27":{"start":{"line":70,"column":12},"end":{"line":70,"column":63}},"28":{"start":{"line":71,"column":12},"end":{"line":71,"column":19}},"29":{"start":{"line":74,"column":8},"end":{"line":104,"column":9}},"30":{"start":{"line":75,"column":29},"end":{"line":80,"column":14}},"31":{"start":{"line":82,"column":12},"end":{"line":84,"column":13}},"32":{"start":{"line":83,"column":16},"end":{"line":83,"column":63}},"33":{"start":{"line":86,"column":25},"end":{"line":86,"column":46}},"34":{"start":{"line":87,"column":12},"end":{"line":90,"column":13}},"35":{"start":{"line":88,"column":16},"end":{"line":88,"column":67}},"36":{"start":{"line":89,"column":16},"end":{"line":89,"column":23}},"37":{"start":{"line":91,"column":12},"end":{"line":91,"column":30}},"38":{"start":{"line":92,"column":12},"end":{"line":92,"column":44}},"39":{"start":{"line":93,"column":12},"end":{"line":93,"column":50}},"40":{"start":{"line":94,"column":12},"end":{"line":94,"column":31}},"41":{"start":{"line":96,"column":12},"end":{"line":96,"column":39}},"42":{"start":{"line":97,"column":12},"end":{"line":97,"column":42}},"43":{"start":{"line":101,"column":12},"end":{"line":101,"column":30}},"44":{"start":{"line":103,"column":12},"end":{"line":103,"column":56}},"45":{"start":{"line":107,"column":8},"end":{"line":107,"column":32}},"46":{"start":{"line":110,"column":28},"end":{"line":132,"column":5}},"47":{"start":{"line":111,"column":8},"end":{"line":131,"column":9}},"48":{"start":{"line":112,"column":30},"end":{"line":114,"column":13}},"49":{"start":{"line":116,"column":29},"end":{"line":122,"column":14}},"50":{"start":{"line":124,"column":12},"end":{"line":128,"column":13}},"51":{"start":{"line":125,"column":16},"end":{"line":125,"column":66}},"52":{"start":{"line":127,"column":16},"end":{"line":127,"column":69}},"53":{"start":{"line":130,"column":12},"end":{"line":130,"column":72}},"54":{"start":{"line":135,"column":26},"end":{"line":185,"column":5}},"55":{"start":{"line":136,"column":8},"end":{"line":136,"column":27}},"56":{"start":{"line":138,"column":20},"end":{"line":138,"column":79}},"57":{"start":{"line":139,"column":24},"end":{"line":142,"column":9}},"58":{"start":{"line":143,"column":21},"end":{"line":151,"column":9}},"59":{"start":{"line":153,"column":8},"end":{"line":178,"column":9}},"60":{"start":{"line":154,"column":12},"end":{"line":154,"column":63}},"61":{"start":{"line":155,"column":12},"end":{"line":155,"column":19}},"62":{"start":{"line":156,"column":15},"end":{"line":178,"column":9}},"63":{"start":{"line":157,"column":12},"end":{"line":157,"column":30}},"64":{"start":{"line":158,"column":12},"end":{"line":158,"column":85}},"65":{"start":{"line":159,"column":15},"end":{"line":178,"column":9}},"66":{"start":{"line":160,"column":12},"end":{"line":160,"column":88}},"67":{"start":{"line":162,"column":12},"end":{"line":167,"column":13}},"68":{"start":{"line":163,"column":33},"end":{"line":163,"column":73}},"69":{"start":{"line":164,"column":16},"end":{"line":164,"column":43}},"70":{"start":{"line":166,"column":16},"end":{"line":166,"column":37}},"71":{"start":{"line":169,"column":15},"end":{"line":178,"column":9}},"72":{"start":{"line":170,"column":12},"end":{"line":170,"column":126}},"73":{"start":{"line":172,"column":12},"end":{"line":177,"column":13}},"74":{"start":{"line":173,"column":33},"end":{"line":173,"column":73}},"75":{"start":{"line":174,"column":16},"end":{"line":174,"column":43}},"76":{"start":{"line":176,"column":16},"end":{"line":176,"column":37}},"77":{"start":{"line":179,"column":8},"end":{"line":179,"column":29}},"78":{"start":{"line":180,"column":8},"end":{"line":180,"column":32}},"79":{"start":{"line":182,"column":8},"end":{"line":182,"column":33}},"80":{"start":{"line":183,"column":8},"end":{"line":183,"column":27}},"81":{"start":{"line":188,"column":31},"end":{"line":195,"column":5}},"82":{"start":{"line":189,"column":34},"end":{"line":189,"column":63}},"83":{"start":{"line":190,"column":8},"end":{"line":190,"column":32}},"84":{"start":{"line":191,"column":8},"end":{"line":191,"column":38}},"85":{"start":{"line":193,"column":8},"end":{"line":193,"column":35}},"86":{"start":{"line":194,"column":8},"end":{"line":194,"column":38}},"87":{"start":{"line":199,"column":18},"end":{"line":199,"column":42}},"88":{"start":{"line":201,"column":4},"end":{"line":348,"column":6}},"89":{"start":{"line":274,"column":48},"end":{"line":276,"column":57}},"90":{"start":{"line":289,"column":63},"end":{"line":289,"column":93}},"91":{"start":{"line":303,"column":63},"end":{"line":303,"column":93}},"92":{"start":{"line":324,"column":44},"end":{"line":324,"column":63}},"93":{"start":{"line":326,"column":44},"end":{"line":326,"column":61}},"94":{"start":{"line":327,"column":44},"end":{"line":327,"column":69}}},"fnMap":{"0":{"name":"(anonymous_0)","decl":{"start":{"line":22,"column":24},"end":{"line":22,"column":25}},"loc":{"start":{"line":22,"column":30},"end":{"line":351,"column":3}},"line":22},"1":{"name":"(anonymous_1)","decl":{"start":{"line":38,"column":33},"end":{"line":38,"column":34}},"loc":{"start":{"line":38,"column":53},"end":{"line":55,"column":5}},"line":38},"2":{"name":"(anonymous_2)","decl":{"start":{"line":49,"column":40},"end":{"line":49,"column":41}},"loc":{"start":{"line":49,"column":46},"end":{"line":51,"column":9}},"line":49},"3":{"name":"(anonymous_3)","decl":{"start":{"line":57,"column":25},"end":{"line":57,"column":26}},"loc":{"start":{"line":57,"column":32},"end":{"line":65,"column":5}},"line":57},"4":{"name":"(anonymous_4)","decl":{"start":{"line":67,"column":25},"end":{"line":67,"column":26}},"loc":{"start":{"line":67,"column":38},"end":{"line":108,"column":5}},"line":67},"5":{"name":"(anonymous_5)","decl":{"start":{"line":110,"column":28},"end":{"line":110,"column":29}},"loc":{"start":{"line":110,"column":40},"end":{"line":132,"column":5}},"line":110},"6":{"name":"(anonymous_6)","decl":{"start":{"line":135,"column":26},"end":{"line":135,"column":27}},"loc":{"start":{"line":135,"column":39},"end":{"line":185,"column":5}},"line":135},"7":{"name":"(anonymous_7)","decl":{"start":{"line":188,"column":31},"end":{"line":188,"column":32}},"loc":{"start":{"line":188,"column":42},"end":{"line":195,"column":5}},"line":188},"8":{"name":"(anonymous_8)","decl":{"start":{"line":273,"column":59},"end":{"line":273,"column":60}},"loc":{"start":{"line":274,"column":48},"end":{"line":276,"column":57}},"line":274},"9":{"name":"(anonymous_9)","decl":{"start":{"line":289,"column":58},"end":{"line":289,"column":59}},"loc":{"start":{"line":289,"column":63},"end":{"line":289,"column":93}},"line":289},"10":{"name":"(anonymous_10)","decl":{"start":{"line":303,"column":58},"end":{"line":303,"column":59}},"loc":{"start":{"line":303,"column":63},"end":{"line":303,"column":93}},"line":303},"11":{"name":"(anonymous_11)","decl":{"start":{"line":323,"column":49},"end":{"line":323,"column":50}},"loc":{"start":{"line":323,"column":54},"end":{"line":328,"column":41}},"line":323}},"branchMap":{"0":{"loc":{"start":{"line":44,"column":8},"end":{"line":46,"column":9}},"type":"if","locations":[{"start":{"line":44,"column":8},"end":{"line":46,"column":9}},{"start":{},"end":{}}],"line":44},"1":{"loc":{"start":{"line":69,"column":8},"end":{"line":72,"column":9}},"type":"if","locations":[{"start":{"line":69,"column":8},"end":{"line":72,"column":9}},{"start":{},"end":{}}],"line":69},"2":{"loc":{"start":{"line":69,"column":12},"end":{"line":69,"column":49}},"type":"binary-expr","locations":[{"start":{"line":69,"column":12},"end":{"line":69,"column":31}},{"start":{"line":69,"column":35},"end":{"line":69,"column":49}}],"line":69},"3":{"loc":{"start":{"line":82,"column":12},"end":{"line":84,"column":13}},"type":"if","locations":[{"start":{"line":82,"column":12},"end":{"line":84,"column":13}},{"start":{},"end":{}}],"line":82},"4":{"loc":{"start":{"line":87,"column":12},"end":{"line":90,"column":13}},"type":"if","locations":[{"start":{"line":87,"column":12},"end":{"line":90,"column":13}},{"start":{},"end":{}}],"line":87},"5":{"loc":{"start":{"line":87,"column":16},"end":{"line":87,"column":57}},"type":"binary-expr","locations":[{"start":{"line":87,"column":16},"end":{"line":87,"column":36}},{"start":{"line":87,"column":40},"end":{"line":87,"column":57}}],"line":87},"6":{"loc":{"start":{"line":124,"column":12},"end":{"line":128,"column":13}},"type":"if","locations":[{"start":{"line":124,"column":12},"end":{"line":128,"column":13}},{"start":{"line":126,"column":19},"end":{"line":128,"column":13}}],"line":124},"7":{"loc":{"start":{"line":153,"column":8},"end":{"line":178,"column":9}},"type":"if","locations":[{"start":{"line":153,"column":8},"end":{"line":178,"column":9}},{"start":{"line":156,"column":15},"end":{"line":178,"column":9}}],"line":153},"8":{"loc":{"start":{"line":153,"column":12},"end":{"line":153,"column":36}},"type":"binary-expr","locations":[{"start":{"line":153,"column":12},"end":{"line":153,"column":22}},{"start":{"line":153,"column":26},"end":{"line":153,"column":36}}],"line":153},"9":{"loc":{"start":{"line":156,"column":15},"end":{"line":178,"column":9}},"type":"if","locations":[{"start":{"line":156,"column":15},"end":{"line":178,"column":9}},{"start":{"line":159,"column":15},"end":{"line":178,"column":9}}],"line":156},"10":{"loc":{"start":{"line":156,"column":19},"end":{"line":156,"column":42}},"type":"binary-expr","locations":[{"start":{"line":156,"column":19},"end":{"line":156,"column":28}},{"start":{"line":156,"column":32},"end":{"line":156,"column":42}}],"line":156},"11":{"loc":{"start":{"line":159,"column":15},"end":{"line":178,"column":9}},"type":"if","locations":[{"start":{"line":159,"column":15},"end":{"line":178,"column":9}},{"start":{"line":169,"column":15},"end":{"line":178,"column":9}}],"line":159},"12":{"loc":{"start":{"line":159,"column":19},"end":{"line":159,"column":42}},"type":"binary-expr","locations":[{"start":{"line":159,"column":19},"end":{"line":159,"column":28}},{"start":{"line":159,"column":32},"end":{"line":159,"column":42}}],"line":159},"13":{"loc":{"start":{"line":169,"column":15},"end":{"line":178,"column":9}},"type":"if","locations":[{"start":{"line":169,"column":15},"end":{"line":178,"column":9}},{"start":{},"end":{}}],"line":169},"14":{"loc":{"start":{"line":169,"column":19},"end":{"line":169,"column":41}},"type":"binary-expr","locations":[{"start":{"line":169,"column":19},"end":{"line":169,"column":28}},{"start":{"line":169,"column":32},"end":{"line":169,"column":41}}],"line":169},"15":{"loc":{"start":{"line":215,"column":29},"end":{"line":260,"column":29}},"type":"binary-expr","locations":[{"start":{"line":215,"column":29},"end":{"line":215,"column":44}},{"start":{"line":216,"column":28},"end":{"line":259,"column":34}}],"line":215},"16":{"loc":{"start":{"line":263,"column":29},"end":{"line":334,"column":29}},"type":"binary-expr","locations":[{"start":{"line":263,"column":29},"end":{"line":263,"column":43}},{"start":{"line":264,"column":28},"end":{"line":333,"column":34}}],"line":263},"17":{"loc":{"start":{"line":335,"column":29},"end":{"line":339,"column":33}},"type":"binary-expr","locations":[{"start":{"line":335,"column":29},"end":{"line":335,"column":38}},{"start":{"line":336,"column":36},"end":{"line":338,"column":44}}],"line":335}},"s":{"0":1,"1":7,"2":7,"3":7,"4":7,"5":7,"6":7,"7":7,"8":7,"9":7,"10":7,"11":7,"12":7,"13":0,"14":0,"15":0,"16":0,"17":0,"18":0,"19":0,"20":0,"21":7,"22":2,"23":2,"24":7,"25":1,"26":1,"27":0,"28":0,"29":1,"30":1,"31":1,"32":0,"33":1,"34":1,"35":0,"36":0,"37":1,"38":1,"39":1,"40":1,"41":1,"42":1,"43":1,"44":0,"45":1,"46":7,"47":0,"48":0,"49":0,"50":0,"51":0,"52":0,"53":0,"54":7,"55":0,"56":0,"57":0,"58":0,"59":0,"60":0,"61":0,"62":0,"63":0,"64":0,"65":0,"66":0,"67":0,"68":0,"69":0,"70":0,"71":0,"72":0,"73":0,"74":0,"75":0,"76":0,"77":0,"78":0,"79":0,"80":0,"81":7,"82":0,"83":0,"84":0,"85":0,"86":0,"87":7,"88":7,"89":6,"90":1,"91":1,"92":0,"93":0,"94":0},"f":{"0":7,"1":0,"2":0,"3":2,"4":1,"5":0,"6":0,"7":0,"8":6,"9":1,"10":1,"11":0},"b":{"0":[0,0],"1":[0,1],"2":[1,1],"3":[0,1],"4":[0,1],"5":[1,1],"6":[0,0],"7":[0,0],"8":[0,0],"9":[0,0],"10":[0,0],"11":[0,0],"12":[0,0],"13":[0,0],"14":[0,0],"15":[7,4],"16":[7,3],"17":[7,0]},"_coverageSchema":"1a1c01bbd47fc00a2c39e90264f33305004495a9","hash":"34cb4a44c43823ffa0988676ccd7dba24eab3887"}
}
