TN:
SF:src\components\Footers\AdminFooter.js
FN:4,(anonymous_0)
FNF:1
FNH:1
FNDA:1,(anonymous_0)
DA:4,1
DA:5,1
LF:2
LH:2
BRF:0
BRH:0
end_of_record
TN:
SF:src\components\Navbars\AdminNavbar.js
FN:18,(anonymous_0)
FN:23,(anonymous_1)
FN:70,(anonymous_2)
FNF:3
FNH:3
FNDA:4,(anonymous_0)
FNDA:1,(anonymous_1)
FNDA:1,(anonymous_2)
DA:18,1
DA:19,4
DA:21,4
DA:23,4
DA:24,1
DA:27,1
DA:30,1
DA:34,4
DA:71,1
DA:72,1
DA:73,1
DA:75,0
LF:12
LH:11
BRDA:72,0,0,1
BRDA:72,0,1,0
BRF:2
BRH:1
end_of_record
TN:
SF:src\views\examples\Form_delivery.js
FN:24,(anonymous_0)
FN:41,(anonymous_1)
FN:52,(anonymous_2)
FN:61,(anonymous_3)
FN:63,(anonymous_4)
FN:69,(anonymous_5)
FN:74,(anonymous_6)
FN:79,(anonymous_7)
FN:89,(anonymous_8)
FN:95,(anonymous_9)
FN:142,(anonymous_10)
FN:167,(anonymous_11)
FN:220,(anonymous_12)
FN:305,(anonymous_13)
FN:321,(anonymous_14)
FN:335,(anonymous_15)
FN:355,(anonymous_16)
FNF:17
FNH:0
FNDA:0,(anonymous_0)
FNDA:0,(anonymous_1)
FNDA:0,(anonymous_2)
FNDA:0,(anonymous_3)
FNDA:0,(anonymous_4)
FNDA:0,(anonymous_5)
FNDA:0,(anonymous_6)
FNDA:0,(anonymous_7)
FNDA:0,(anonymous_8)
FNDA:0,(anonymous_9)
FNDA:0,(anonymous_10)
FNDA:0,(anonymous_11)
FNDA:0,(anonymous_12)
FNDA:0,(anonymous_13)
FNDA:0,(anonymous_14)
FNDA:0,(anonymous_15)
FNDA:0,(anonymous_16)
DA:24,0
DA:25,0
DA:26,0
DA:27,0
DA:31,0
DA:32,0
DA:33,0
DA:34,0
DA:35,0
DA:36,0
DA:37,0
DA:38,0
DA:40,0
DA:41,0
DA:42,0
DA:43,0
DA:44,0
DA:47,0
DA:48,0
DA:52,0
DA:53,0
DA:57,0
DA:61,0
DA:62,0
DA:64,0
DA:65,0
DA:67,0
DA:71,0
DA:72,0
DA:75,0
DA:79,0
DA:83,0
DA:89,0
DA:90,0
DA:91,0
DA:92,0
DA:93,0
DA:95,0
DA:97,0
DA:101,0
DA:102,0
DA:103,0
DA:106,0
DA:107,0
DA:114,0
DA:115,0
DA:118,0
DA:119,0
DA:120,0
DA:121,0
DA:123,0
DA:124,0
DA:125,0
DA:126,0
DA:128,0
DA:129,0
DA:133,0
DA:135,0
DA:139,0
DA:142,0
DA:143,0
DA:144,0
DA:148,0
DA:156,0
DA:157,0
DA:159,0
DA:162,0
DA:167,0
DA:168,0
DA:170,0
DA:171,0
DA:175,0
DA:185,0
DA:186,0
DA:187,0
DA:188,0
DA:189,0
DA:190,0
DA:191,0
DA:192,0
DA:194,0
DA:195,0
DA:196,0
DA:198,0
DA:201,0
DA:202,0
DA:204,0
DA:205,0
DA:206,0
DA:208,0
DA:211,0
DA:212,0
DA:214,0
DA:215,0
DA:220,0
DA:221,0
DA:222,0
DA:223,0
DA:225,0
DA:226,0
DA:231,0
DA:233,0
DA:306,0
DA:321,0
DA:335,0
DA:356,0
DA:358,0
DA:359,0
LF:108
LH:0
BRDA:47,0,0,0
BRDA:47,0,1,0
BRDA:64,1,0,0
BRDA:64,1,1,0
BRDA:91,2,0,0
BRDA:91,2,1,0
BRDA:91,3,0,0
BRDA:91,3,1,0
BRDA:97,4,0,0
BRDA:97,4,1,0
BRDA:101,5,0,0
BRDA:101,5,1,0
BRDA:114,6,0,0
BRDA:114,6,1,0
BRDA:119,7,0,0
BRDA:119,7,1,0
BRDA:119,8,0,0
BRDA:119,8,1,0
BRDA:156,9,0,0
BRDA:156,9,1,0
BRDA:185,10,0,0
BRDA:185,10,1,0
BRDA:185,11,0,0
BRDA:185,11,1,0
BRDA:188,12,0,0
BRDA:188,12,1,0
BRDA:188,13,0,0
BRDA:188,13,1,0
BRDA:191,14,0,0
BRDA:191,14,1,0
BRDA:191,15,0,0
BRDA:191,15,1,0
BRDA:201,16,0,0
BRDA:201,16,1,0
BRDA:201,17,0,0
BRDA:201,17,1,0
BRDA:247,18,0,0
BRDA:247,18,1,0
BRDA:295,19,0,0
BRDA:295,19,1,0
BRDA:367,20,0,0
BRDA:367,20,1,0
BRF:42
BRH:0
end_of_record
TN:
SF:src\views\examples\Frecuent_visits.js
FN:24,(anonymous_0)
FN:42,capitalizeWords
FN:43,(anonymous_2)
FN:48,(anonymous_3)
FN:50,(anonymous_4)
FN:56,(anonymous_5)
FN:62,(anonymous_6)
FN:66,(anonymous_7)
FN:68,(anonymous_8)
FN:74,(anonymous_9)
FN:79,(anonymous_10)
FN:84,(anonymous_11)
FN:95,(anonymous_12)
FN:104,(anonymous_13)
FN:110,(anonymous_14)
FN:119,(anonymous_15)
FN:124,(anonymous_16)
FN:146,(anonymous_17)
FN:152,(anonymous_18)
FN:166,(anonymous_19)
FNF:20
FNH:14
FNDA:20,(anonymous_0)
FNDA:23,capitalizeWords
FNDA:43,(anonymous_2)
FNDA:3,(anonymous_3)
FNDA:2,(anonymous_4)
FNDA:1,(anonymous_5)
FNDA:1,(anonymous_6)
FNDA:3,(anonymous_7)
FNDA:2,(anonymous_8)
FNDA:1,(anonymous_9)
FNDA:1,(anonymous_10)
FNDA:3,(anonymous_11)
FNDA:0,(anonymous_12)
FNDA:14,(anonymous_13)
FNDA:3,(anonymous_14)
FNDA:0,(anonymous_15)
FNDA:0,(anonymous_16)
FNDA:0,(anonymous_17)
FNDA:0,(anonymous_18)
FNDA:0,(anonymous_19)
DA:24,2
DA:25,20
DA:27,20
DA:28,20
DA:29,20
DA:36,20
DA:37,20
DA:38,20
DA:39,20
DA:43,23
DA:44,43
DA:48,20
DA:49,3
DA:51,2
DA:52,1
DA:54,1
DA:58,1
DA:59,1
DA:63,1
DA:66,20
DA:67,3
DA:69,2
DA:70,1
DA:72,1
DA:76,1
DA:77,1
DA:80,1
DA:84,20
DA:85,3
DA:86,3
DA:87,3
DA:90,3
DA:91,0
DA:95,3
DA:96,0
DA:100,3
DA:104,20
DA:105,14
DA:110,20
DA:111,3
DA:112,3
DA:114,3
DA:115,1
DA:116,1
DA:118,2
DA:119,2
DA:120,2
DA:121,0
DA:122,0
DA:124,2
DA:126,0
DA:130,2
DA:131,2
DA:132,2
DA:135,0
DA:147,0
DA:148,0
DA:150,0
DA:153,0
DA:155,0
DA:163,0
DA:164,0
DA:167,0
DA:168,0
DA:172,20
LF:65
LH:50
BRDA:51,0,0,1
BRDA:51,0,1,1
BRDA:69,1,0,1
BRDA:69,1,1,1
BRDA:90,2,0,0
BRDA:90,2,1,3
BRDA:114,3,0,1
BRDA:114,3,1,2
BRDA:114,4,0,3
BRDA:114,4,1,3
BRDA:114,4,2,3
BRDA:114,4,3,3
BRDA:114,4,4,2
BRDA:120,5,0,0
BRDA:120,5,1,2
BRDA:126,6,0,0
BRDA:126,6,1,0
BRDA:130,7,0,2
BRDA:130,7,1,0
BRDA:147,8,0,0
BRDA:147,8,1,0
BRDA:277,9,0,20
BRDA:277,9,1,3
BRF:23
BRH:16
end_of_record
