TN:
SF:src\babel.config.js
FNF:0
FNH:0
DA:2,0
LF:1
LH:0
BRF:0
BRH:0
end_of_record
TN:
SF:src\views\examples\Form_delivery.js
FN:22,(anonymous_0)
FN:38,(anonymous_1)
FN:49,(anonymous_2)
FN:57,(anonymous_3)
FN:67,(anonymous_4)
FN:110,(anonymous_5)
FN:135,(anonymous_6)
FN:188,(anonymous_7)
FN:273,(anonymous_8)
FN:289,(anonymous_9)
FN:303,(anonymous_10)
FN:323,(anonymous_11)
FNF:12
FNH:6
FNDA:7,(anonymous_0)
FNDA:0,(anonymous_1)
FNDA:0,(anonymous_2)
FNDA:2,(anonymous_3)
FNDA:1,(anonymous_4)
FNDA:0,(anonymous_5)
FNDA:0,(anonymous_6)
FNDA:0,(anonymous_7)
FNDA:6,(anonymous_8)
FNDA:1,(anonymous_9)
FNDA:1,(anonymous_10)
FNDA:0,(anonymous_11)
DA:22,1
DA:23,7
DA:24,7
DA:25,7
DA:29,7
DA:30,7
DA:31,7
DA:32,7
DA:33,7
DA:34,7
DA:35,7
DA:37,7
DA:38,7
DA:39,0
DA:40,0
DA:41,0
DA:44,0
DA:45,0
DA:49,0
DA:50,0
DA:54,0
DA:57,7
DA:59,2
DA:61,2
DA:67,7
DA:68,1
DA:69,1
DA:70,0
DA:71,0
DA:74,1
DA:75,1
DA:82,1
DA:83,0
DA:86,1
DA:87,1
DA:88,0
DA:89,0
DA:91,1
DA:92,1
DA:93,1
DA:94,1
DA:96,1
DA:97,1
DA:101,1
DA:103,0
DA:107,1
DA:110,7
DA:111,0
DA:112,0
DA:116,0
DA:124,0
DA:125,0
DA:127,0
DA:130,0
DA:135,7
DA:136,0
DA:138,0
DA:139,0
DA:143,0
DA:153,0
DA:154,0
DA:155,0
DA:156,0
DA:157,0
DA:158,0
DA:159,0
DA:160,0
DA:162,0
DA:163,0
DA:164,0
DA:166,0
DA:169,0
DA:170,0
DA:172,0
DA:173,0
DA:174,0
DA:176,0
DA:179,0
DA:180,0
DA:182,0
DA:183,0
DA:188,7
DA:189,0
DA:190,0
DA:191,0
DA:193,0
DA:194,0
DA:199,7
DA:201,7
DA:274,6
DA:289,1
DA:303,1
DA:324,0
DA:326,0
DA:327,0
LF:95
LH:40
BRDA:44,0,0,0
BRDA:44,0,1,0
BRDA:69,1,0,0
BRDA:69,1,1,1
BRDA:69,2,0,1
BRDA:69,2,1,1
BRDA:82,3,0,0
BRDA:82,3,1,1
BRDA:87,4,0,0
BRDA:87,4,1,1
BRDA:87,5,0,1
BRDA:87,5,1,1
BRDA:124,6,0,0
BRDA:124,6,1,0
BRDA:153,7,0,0
BRDA:153,7,1,0
BRDA:153,8,0,0
BRDA:153,8,1,0
BRDA:156,9,0,0
BRDA:156,9,1,0
BRDA:156,10,0,0
BRDA:156,10,1,0
BRDA:159,11,0,0
BRDA:159,11,1,0
BRDA:159,12,0,0
BRDA:159,12,1,0
BRDA:169,13,0,0
BRDA:169,13,1,0
BRDA:169,14,0,0
BRDA:169,14,1,0
BRDA:215,15,0,7
BRDA:215,15,1,4
BRDA:263,16,0,7
BRDA:263,16,1,3
BRDA:335,17,0,7
BRDA:335,17,1,0
BRF:36
BRH:12
end_of_record
